{"uid":"c41e2dafc6340f6","name":"test_can_create_connection[Test for krest, url: wss://krest.api.onfinality.io/public-ws]","fullName":"tests.test_nodes_availability#test_can_create_connection","historyId":"22747a0530bfde24fdbd98151553d82c","time":{"start":1714435497514,"stop":1714435497514,"duration":0},"status":"broken","statusMessage":"ssl.SSLCertVerificationError: [SSL: CERTIFICATE_VERIFY_FAILED] certificate verify failed: self-signed certificate (_ssl.c:1007)","statusTrace":"request = <SubRequest 'connection_by_url' for <Function test_can_create_connection[Test for krest, url: wss://krest.api.onfinality.io/public-ws]>>\n\n    @pytest.fixture(scope=\"module\", params=collect_nodes_for_chains(get_substrate_chains()), ids=task_ids)\n    def connection_by_url(request):\n        data = request.param\n>       connection = execute_with_timeout(\n            timeout=FIXTURE_TIMEOUT,\n            function=create_connection_by_url,\n            args=(data[\"url\"],),\n            error_message=f'Timeout {FIXTURE_TIMEOUT} when creating connection: {data[\"url\"]}'\n        )\n\ntests/conftest.py:40: \n_ _ _ _ _ _ _ _ _ _ _ _ _ _ _ _ _ _ _ _ _ _ _ _ _ _ _ _ _ _ _ _ _ _ _ _ _ _ _ _ \ntests/conftest.py:29: in execute_with_timeout\n    return func_timeout(timeout=timeout, func=function, args=args)\n.venv/lib/python3.10/site-packages/func_timeout/dafunc.py:108: in func_timeout\n    raise_exception(exception)\n.venv/lib/python3.10/site-packages/func_timeout/py3_raise.py:7: in raise_exception\n    raise exception[0] from None\nscripts/utils/substrate_interface.py:30: in create_connection_by_url\n    substrate = SubstrateInterface(\n.venv/lib/python3.10/site-packages/substrateinterface/base.py:132: in __init__\n    self.connect_websocket()\n.venv/lib/python3.10/site-packages/substrateinterface/base.py:177: in connect_websocket\n    self.websocket = create_connection(\n.venv/lib/python3.10/site-packages/websocket/_core.py:646: in create_connection\n    websock.connect(url, **options)\n.venv/lib/python3.10/site-packages/websocket/_core.py:256: in connect\n    self.sock, addrs = connect(\n.venv/lib/python3.10/site-packages/websocket/_http.py:147: in connect\n    sock = _ssl_socket(sock, options.sslopt, hostname)\n.venv/lib/python3.10/site-packages/websocket/_http.py:307: in _ssl_socket\n    sock = _wrap_sni_socket(sock, sslopt, hostname, check_hostname)\n.venv/lib/python3.10/site-packages/websocket/_http.py:277: in _wrap_sni_socket\n    return context.wrap_socket(\n/usr/lib/python3.10/ssl.py:513: in wrap_socket\n    return self.sslsocket_class._create(\n/usr/lib/python3.10/ssl.py:1100: in _create\n    self.do_handshake()\n_ _ _ _ _ _ _ _ _ _ _ _ _ _ _ _ _ _ _ _ _ _ _ _ _ _ _ _ _ _ _ _ _ _ _ _ _ _ _ _ \n\nself = <ssl.SSLSocket [closed] fd=-1, family=AddressFamily.AF_INET, type=SocketKind.SOCK_STREAM, proto=6>\nblock = False\n\n    @_sslcopydoc\n    def do_handshake(self, block=False):\n        self._check_connected()\n        timeout = self.gettimeout()\n        try:\n            if timeout == 0.0 and block:\n                self.settimeout(None)\n>           self._sslobj.do_handshake()\nE           ssl.SSLCertVerificationError: [SSL: CERTIFICATE_VERIFY_FAILED] certificate verify failed: self-signed certificate (_ssl.c:1007)\n\n/usr/lib/python3.10/ssl.py:1371: SSLCertVerificationError","flaky":false,"newFailed":false,"newBroken":false,"newPassed":false,"retriesCount":2,"retriesStatusChange":false,"beforeStages":[{"name":"connection_by_url","time":{"start":1714435486818,"stop":1714435487081,"duration":263},"status":"broken","statusMessage":"ssl.SSLCertVerificationError: [SSL: CERTIFICATE_VERIFY_FAILED] certificate verify failed: self-signed certificate (_ssl.c:1007)\n","statusTrace":"  File \"/home/runner/work/test-runner/test-runner/nova-utils/.venv/lib/python3.10/site-packages/pluggy/_callers.py\", line 77, in _multicall\n    res = hook_impl.function(*args)\n  File \"/home/runner/work/test-runner/test-runner/nova-utils/.venv/lib/python3.10/site-packages/_pytest/fixtures.py\", line 1128, in pytest_fixture_setup\n    result = call_fixture_func(fixturefunc, request, kwargs)\n  File \"/home/runner/work/test-runner/test-runner/nova-utils/.venv/lib/python3.10/site-packages/_pytest/fixtures.py\", line 907, in call_fixture_func\n    fixture_result = fixturefunc(**kwargs)\n  File \"/home/runner/work/test-runner/test-runner/nova-utils/tests/conftest.py\", line 40, in connection_by_url\n    connection = execute_with_timeout(\n  File \"/home/runner/work/test-runner/test-runner/nova-utils/tests/conftest.py\", line 29, in execute_with_timeout\n    return func_timeout(timeout=timeout, func=function, args=args)\n  File \"/home/runner/work/test-runner/test-runner/nova-utils/.venv/lib/python3.10/site-packages/func_timeout/dafunc.py\", line 108, in func_timeout\n    raise_exception(exception)\n  File \"/home/runner/work/test-runner/test-runner/nova-utils/.venv/lib/python3.10/site-packages/func_timeout/py3_raise.py\", line 7, in raise_exception\n    raise exception[0] from None\n  File \"/home/runner/work/test-runner/test-runner/nova-utils/scripts/utils/substrate_interface.py\", line 30, in create_connection_by_url\n    substrate = SubstrateInterface(\n  File \"/home/runner/work/test-runner/test-runner/nova-utils/.venv/lib/python3.10/site-packages/substrateinterface/base.py\", line 132, in __init__\n    self.connect_websocket()\n  File \"/home/runner/work/test-runner/test-runner/nova-utils/.venv/lib/python3.10/site-packages/substrateinterface/base.py\", line 177, in connect_websocket\n    self.websocket = create_connection(\n  File \"/home/runner/work/test-runner/test-runner/nova-utils/.venv/lib/python3.10/site-packages/websocket/_core.py\", line 646, in create_connection\n    websock.connect(url, **options)\n  File \"/home/runner/work/test-runner/test-runner/nova-utils/.venv/lib/python3.10/site-packages/websocket/_core.py\", line 256, in connect\n    self.sock, addrs = connect(\n  File \"/home/runner/work/test-runner/test-runner/nova-utils/.venv/lib/python3.10/site-packages/websocket/_http.py\", line 147, in connect\n    sock = _ssl_socket(sock, options.sslopt, hostname)\n  File \"/home/runner/work/test-runner/test-runner/nova-utils/.venv/lib/python3.10/site-packages/websocket/_http.py\", line 307, in _ssl_socket\n    sock = _wrap_sni_socket(sock, sslopt, hostname, check_hostname)\n  File \"/home/runner/work/test-runner/test-runner/nova-utils/.venv/lib/python3.10/site-packages/websocket/_http.py\", line 277, in _wrap_sni_socket\n    return context.wrap_socket(\n  File \"/usr/lib/python3.10/ssl.py\", line 513, in wrap_socket\n    return self.sslsocket_class._create(\n  File \"/usr/lib/python3.10/ssl.py\", line 1100, in _create\n    self.do_handshake()\n  File \"/usr/lib/python3.10/ssl.py\", line 1371, in do_handshake\n    self._sslobj.do_handshake()\n","steps":[],"attachments":[],"parameters":[],"shouldDisplayMessage":true,"stepsCount":0,"attachmentsCount":0,"hasContent":true,"attachmentStep":false},{"name":"connection_by_url","time":{"start":1714435492226,"stop":1714435492417,"duration":191},"status":"broken","statusMessage":"ssl.SSLCertVerificationError: [SSL: CERTIFICATE_VERIFY_FAILED] certificate verify failed: self-signed certificate (_ssl.c:1007)\n","statusTrace":"  File \"/home/runner/work/test-runner/test-runner/nova-utils/.venv/lib/python3.10/site-packages/pluggy/_callers.py\", line 77, in _multicall\n    res = hook_impl.function(*args)\n  File \"/home/runner/work/test-runner/test-runner/nova-utils/.venv/lib/python3.10/site-packages/_pytest/fixtures.py\", line 1128, in pytest_fixture_setup\n    result = call_fixture_func(fixturefunc, request, kwargs)\n  File \"/home/runner/work/test-runner/test-runner/nova-utils/.venv/lib/python3.10/site-packages/_pytest/fixtures.py\", line 907, in call_fixture_func\n    fixture_result = fixturefunc(**kwargs)\n  File \"/home/runner/work/test-runner/test-runner/nova-utils/tests/conftest.py\", line 40, in connection_by_url\n    connection = execute_with_timeout(\n  File \"/home/runner/work/test-runner/test-runner/nova-utils/tests/conftest.py\", line 29, in execute_with_timeout\n    return func_timeout(timeout=timeout, func=function, args=args)\n  File \"/home/runner/work/test-runner/test-runner/nova-utils/.venv/lib/python3.10/site-packages/func_timeout/dafunc.py\", line 108, in func_timeout\n    raise_exception(exception)\n  File \"/home/runner/work/test-runner/test-runner/nova-utils/.venv/lib/python3.10/site-packages/func_timeout/py3_raise.py\", line 7, in raise_exception\n    raise exception[0] from None\n  File \"/home/runner/work/test-runner/test-runner/nova-utils/scripts/utils/substrate_interface.py\", line 30, in create_connection_by_url\n    substrate = SubstrateInterface(\n  File \"/home/runner/work/test-runner/test-runner/nova-utils/.venv/lib/python3.10/site-packages/substrateinterface/base.py\", line 132, in __init__\n    self.connect_websocket()\n  File \"/home/runner/work/test-runner/test-runner/nova-utils/.venv/lib/python3.10/site-packages/substrateinterface/base.py\", line 177, in connect_websocket\n    self.websocket = create_connection(\n  File \"/home/runner/work/test-runner/test-runner/nova-utils/.venv/lib/python3.10/site-packages/websocket/_core.py\", line 646, in create_connection\n    websock.connect(url, **options)\n  File \"/home/runner/work/test-runner/test-runner/nova-utils/.venv/lib/python3.10/site-packages/websocket/_core.py\", line 256, in connect\n    self.sock, addrs = connect(\n  File \"/home/runner/work/test-runner/test-runner/nova-utils/.venv/lib/python3.10/site-packages/websocket/_http.py\", line 147, in connect\n    sock = _ssl_socket(sock, options.sslopt, hostname)\n  File \"/home/runner/work/test-runner/test-runner/nova-utils/.venv/lib/python3.10/site-packages/websocket/_http.py\", line 307, in _ssl_socket\n    sock = _wrap_sni_socket(sock, sslopt, hostname, check_hostname)\n  File \"/home/runner/work/test-runner/test-runner/nova-utils/.venv/lib/python3.10/site-packages/websocket/_http.py\", line 277, in _wrap_sni_socket\n    return context.wrap_socket(\n  File \"/usr/lib/python3.10/ssl.py\", line 513, in wrap_socket\n    return self.sslsocket_class._create(\n  File \"/usr/lib/python3.10/ssl.py\", line 1100, in _create\n    self.do_handshake()\n  File \"/usr/lib/python3.10/ssl.py\", line 1371, in do_handshake\n    self._sslobj.do_handshake()\n","steps":[],"attachments":[],"parameters":[],"shouldDisplayMessage":true,"stepsCount":0,"attachmentsCount":0,"hasContent":true,"attachmentStep":false},{"name":"connection_by_url","time":{"start":1714435497515,"stop":1714435497663,"duration":148},"status":"broken","statusMessage":"ssl.SSLCertVerificationError: [SSL: CERTIFICATE_VERIFY_FAILED] certificate verify failed: self-signed certificate (_ssl.c:1007)\n","statusTrace":"  File \"/home/runner/work/test-runner/test-runner/nova-utils/.venv/lib/python3.10/site-packages/pluggy/_callers.py\", line 77, in _multicall\n    res = hook_impl.function(*args)\n  File \"/home/runner/work/test-runner/test-runner/nova-utils/.venv/lib/python3.10/site-packages/_pytest/fixtures.py\", line 1128, in pytest_fixture_setup\n    result = call_fixture_func(fixturefunc, request, kwargs)\n  File \"/home/runner/work/test-runner/test-runner/nova-utils/.venv/lib/python3.10/site-packages/_pytest/fixtures.py\", line 907, in call_fixture_func\n    fixture_result = fixturefunc(**kwargs)\n  File \"/home/runner/work/test-runner/test-runner/nova-utils/tests/conftest.py\", line 40, in connection_by_url\n    connection = execute_with_timeout(\n  File \"/home/runner/work/test-runner/test-runner/nova-utils/tests/conftest.py\", line 29, in execute_with_timeout\n    return func_timeout(timeout=timeout, func=function, args=args)\n  File \"/home/runner/work/test-runner/test-runner/nova-utils/.venv/lib/python3.10/site-packages/func_timeout/dafunc.py\", line 108, in func_timeout\n    raise_exception(exception)\n  File \"/home/runner/work/test-runner/test-runner/nova-utils/.venv/lib/python3.10/site-packages/func_timeout/py3_raise.py\", line 7, in raise_exception\n    raise exception[0] from None\n  File \"/home/runner/work/test-runner/test-runner/nova-utils/scripts/utils/substrate_interface.py\", line 30, in create_connection_by_url\n    substrate = SubstrateInterface(\n  File \"/home/runner/work/test-runner/test-runner/nova-utils/.venv/lib/python3.10/site-packages/substrateinterface/base.py\", line 132, in __init__\n    self.connect_websocket()\n  File \"/home/runner/work/test-runner/test-runner/nova-utils/.venv/lib/python3.10/site-packages/substrateinterface/base.py\", line 177, in connect_websocket\n    self.websocket = create_connection(\n  File \"/home/runner/work/test-runner/test-runner/nova-utils/.venv/lib/python3.10/site-packages/websocket/_core.py\", line 646, in create_connection\n    websock.connect(url, **options)\n  File \"/home/runner/work/test-runner/test-runner/nova-utils/.venv/lib/python3.10/site-packages/websocket/_core.py\", line 256, in connect\n    self.sock, addrs = connect(\n  File \"/home/runner/work/test-runner/test-runner/nova-utils/.venv/lib/python3.10/site-packages/websocket/_http.py\", line 147, in connect\n    sock = _ssl_socket(sock, options.sslopt, hostname)\n  File \"/home/runner/work/test-runner/test-runner/nova-utils/.venv/lib/python3.10/site-packages/websocket/_http.py\", line 307, in _ssl_socket\n    sock = _wrap_sni_socket(sock, sslopt, hostname, check_hostname)\n  File \"/home/runner/work/test-runner/test-runner/nova-utils/.venv/lib/python3.10/site-packages/websocket/_http.py\", line 277, in _wrap_sni_socket\n    return context.wrap_socket(\n  File \"/usr/lib/python3.10/ssl.py\", line 513, in wrap_socket\n    return self.sslsocket_class._create(\n  File \"/usr/lib/python3.10/ssl.py\", line 1100, in _create\n    self.do_handshake()\n  File \"/usr/lib/python3.10/ssl.py\", line 1371, in do_handshake\n    self._sslobj.do_handshake()\n","steps":[],"attachments":[],"parameters":[],"shouldDisplayMessage":true,"stepsCount":0,"attachmentsCount":0,"hasContent":true,"attachmentStep":false}],"testStage":{"status":"broken","statusMessage":"ssl.SSLCertVerificationError: [SSL: CERTIFICATE_VERIFY_FAILED] certificate verify failed: self-signed certificate (_ssl.c:1007)","statusTrace":"request = <SubRequest 'connection_by_url' for <Function test_can_create_connection[Test for krest, url: wss://krest.api.onfinality.io/public-ws]>>\n\n    @pytest.fixture(scope=\"module\", params=collect_nodes_for_chains(get_substrate_chains()), ids=task_ids)\n    def connection_by_url(request):\n        data = request.param\n>       connection = execute_with_timeout(\n            timeout=FIXTURE_TIMEOUT,\n            function=create_connection_by_url,\n            args=(data[\"url\"],),\n            error_message=f'Timeout {FIXTURE_TIMEOUT} when creating connection: {data[\"url\"]}'\n        )\n\ntests/conftest.py:40: \n_ _ _ _ _ _ _ _ _ _ _ _ _ _ _ _ _ _ _ _ _ _ _ _ _ _ _ _ _ _ _ _ _ _ _ _ _ _ _ _ \ntests/conftest.py:29: in execute_with_timeout\n    return func_timeout(timeout=timeout, func=function, args=args)\n.venv/lib/python3.10/site-packages/func_timeout/dafunc.py:108: in func_timeout\n    raise_exception(exception)\n.venv/lib/python3.10/site-packages/func_timeout/py3_raise.py:7: in raise_exception\n    raise exception[0] from None\nscripts/utils/substrate_interface.py:30: in create_connection_by_url\n    substrate = SubstrateInterface(\n.venv/lib/python3.10/site-packages/substrateinterface/base.py:132: in __init__\n    self.connect_websocket()\n.venv/lib/python3.10/site-packages/substrateinterface/base.py:177: in connect_websocket\n    self.websocket = create_connection(\n.venv/lib/python3.10/site-packages/websocket/_core.py:646: in create_connection\n    websock.connect(url, **options)\n.venv/lib/python3.10/site-packages/websocket/_core.py:256: in connect\n    self.sock, addrs = connect(\n.venv/lib/python3.10/site-packages/websocket/_http.py:147: in connect\n    sock = _ssl_socket(sock, options.sslopt, hostname)\n.venv/lib/python3.10/site-packages/websocket/_http.py:307: in _ssl_socket\n    sock = _wrap_sni_socket(sock, sslopt, hostname, check_hostname)\n.venv/lib/python3.10/site-packages/websocket/_http.py:277: in _wrap_sni_socket\n    return context.wrap_socket(\n/usr/lib/python3.10/ssl.py:513: in wrap_socket\n    return self.sslsocket_class._create(\n/usr/lib/python3.10/ssl.py:1100: in _create\n    self.do_handshake()\n_ _ _ _ _ _ _ _ _ _ _ _ _ _ _ _ _ _ _ _ _ _ _ _ _ _ _ _ _ _ _ _ _ _ _ _ _ _ _ _ \n\nself = <ssl.SSLSocket [closed] fd=-1, family=AddressFamily.AF_INET, type=SocketKind.SOCK_STREAM, proto=6>\nblock = False\n\n    @_sslcopydoc\n    def do_handshake(self, block=False):\n        self._check_connected()\n        timeout = self.gettimeout()\n        try:\n            if timeout == 0.0 and block:\n                self.settimeout(None)\n>           self._sslobj.do_handshake()\nE           ssl.SSLCertVerificationError: [SSL: CERTIFICATE_VERIFY_FAILED] certificate verify failed: self-signed certificate (_ssl.c:1007)\n\n/usr/lib/python3.10/ssl.py:1371: SSLCertVerificationError","steps":[],"attachments":[{"uid":"4987b5f0e429d91e","name":"stdout","source":"4987b5f0e429d91e.txt","type":"text/plain","size":564}],"parameters":[],"shouldDisplayMessage":true,"stepsCount":0,"attachmentsCount":1,"hasContent":true,"attachmentStep":false},"afterStages":[],"labels":[{"name":"parentSuite","value":"tests"},{"name":"suite","value":"test_nodes_availability"},{"name":"host","value":"fv-az1146-303"},{"name":"thread","value":"2168-MainThread"},{"name":"framework","value":"pytest"},{"name":"language","value":"cpython3"},{"name":"package","value":"tests.test_nodes_availability"},{"name":"resultFormat","value":"allure2"}],"parameters":[{"name":"connection_by_url","value":"{'url': 'wss://krest.api.onfinality.io/public-ws', 'name': 'krest'}"}],"links":[],"hidden":false,"retry":false,"extra":{"severity":"normal","retries":[{"uid":"1a6354e02794afc0","status":"broken","statusDetails":"ssl.SSLCertVerificationError: [SSL: CERTIFICATE_VERIFY_FAILED] certificate verify failed: self-signed certificate (_ssl.c:1007)","time":{"start":1714435492226,"stop":1714435492226,"duration":0}},{"uid":"ae366ff27144619c","status":"broken","statusDetails":"ssl.SSLCertVerificationError: [SSL: CERTIFICATE_VERIFY_FAILED] certificate verify failed: self-signed certificate (_ssl.c:1007)","time":{"start":1714435486817,"stop":1714435486817,"duration":0}}],"categories":[{"name":"Test defects","matchedStatuses":[],"flaky":false}],"history":{"statistic":{"failed":0,"broken":4,"skipped":0,"passed":0,"unknown":0,"total":4},"items":[{"uid":"920dfa1f9342a2fd","reportUrl":"https://novasamatech.github.io/test-runner/5158//#testresult/920dfa1f9342a2fd","status":"broken","statusDetails":"ssl.SSLCertVerificationError: [SSL: CERTIFICATE_VERIFY_FAILED] certificate verify failed: self-signed certificate (_ssl.c:1007)","time":{"start":1714421037754,"stop":1714421037754,"duration":0}},{"uid":"d11f94ac053ec048","reportUrl":"https://novasamatech.github.io/test-runner/5157//#testresult/d11f94ac053ec048","status":"broken","statusDetails":"ssl.SSLCertVerificationError: [SSL: CERTIFICATE_VERIFY_FAILED] certificate verify failed: self-signed certificate (_ssl.c:1007)","time":{"start":1714406648178,"stop":1714406648178,"duration":0}},{"uid":"d07aed5534bff4fa","reportUrl":"https://novasamatech.github.io/test-runner/5156//#testresult/d07aed5534bff4fa","status":"broken","statusDetails":"ssl.SSLCertVerificationError: [SSL: CERTIFICATE_VERIFY_FAILED] certificate verify failed: self-signed certificate (_ssl.c:1007)","time":{"start":1714392259576,"stop":1714392259576,"duration":0}}]},"tags":[]},"source":"c41e2dafc6340f6.json","parameterValues":["{'url': 'wss://krest.api.onfinality.io/public-ws', 'name': 'krest'}"]}