{"uid":"26caa0e4cd74f166","name":"test_can_create_connection[Test for Pendulum, url: wss://rpc-pendulum.prd.pendulumchain.tech]","fullName":"tests.test_nodes_availability#test_can_create_connection","historyId":"9556d02acce7432224d0012965c21eef","time":{"start":1714061020835,"stop":1714061020835,"duration":0},"status":"broken","statusMessage":"ssl.SSLCertVerificationError: [SSL: CERTIFICATE_VERIFY_FAILED] certificate verify failed: Hostname mismatch, certificate is not valid for 'rpc-pendulum.prd.pendulumchain.tech'. (_ssl.c:1007)","statusTrace":"request = <SubRequest 'connection_by_url' for <Function test_can_create_connection[Test for Pendulum, url: wss://rpc-pendulum.prd.pendulumchain.tech]>>\n\n    @pytest.fixture(scope=\"module\", params=collect_nodes_for_chains(get_substrate_chains()), ids=task_ids)\n    def connection_by_url(request):\n        data = request.param\n>       connection = execute_with_timeout(\n            timeout=FIXTURE_TIMEOUT,\n            function=create_connection_by_url,\n            args=(data[\"url\"],),\n            error_message=f'Timeout {FIXTURE_TIMEOUT} when creating connection: {data[\"url\"]}'\n        )\n\ntests/conftest.py:40: \n_ _ _ _ _ _ _ _ _ _ _ _ _ _ _ _ _ _ _ _ _ _ _ _ _ _ _ _ _ _ _ _ _ _ _ _ _ _ _ _ \ntests/conftest.py:29: in execute_with_timeout\n    return func_timeout(timeout=timeout, func=function, args=args)\n.venv/lib/python3.10/site-packages/func_timeout/dafunc.py:108: in func_timeout\n    raise_exception(exception)\n.venv/lib/python3.10/site-packages/func_timeout/py3_raise.py:7: in raise_exception\n    raise exception[0] from None\nscripts/utils/substrate_interface.py:30: in create_connection_by_url\n    substrate = SubstrateInterface(\n.venv/lib/python3.10/site-packages/substrateinterface/base.py:132: in __init__\n    self.connect_websocket()\n.venv/lib/python3.10/site-packages/substrateinterface/base.py:177: in connect_websocket\n    self.websocket = create_connection(\n.venv/lib/python3.10/site-packages/websocket/_core.py:646: in create_connection\n    websock.connect(url, **options)\n.venv/lib/python3.10/site-packages/websocket/_core.py:256: in connect\n    self.sock, addrs = connect(\n.venv/lib/python3.10/site-packages/websocket/_http.py:147: in connect\n    sock = _ssl_socket(sock, options.sslopt, hostname)\n.venv/lib/python3.10/site-packages/websocket/_http.py:307: in _ssl_socket\n    sock = _wrap_sni_socket(sock, sslopt, hostname, check_hostname)\n.venv/lib/python3.10/site-packages/websocket/_http.py:277: in _wrap_sni_socket\n    return context.wrap_socket(\n/usr/lib/python3.10/ssl.py:513: in wrap_socket\n    return self.sslsocket_class._create(\n/usr/lib/python3.10/ssl.py:1100: in _create\n    self.do_handshake()\n_ _ _ _ _ _ _ _ _ _ _ _ _ _ _ _ _ _ _ _ _ _ _ _ _ _ _ _ _ _ _ _ _ _ _ _ _ _ _ _ \n\nself = <ssl.SSLSocket [closed] fd=-1, family=AddressFamily.AF_INET, type=SocketKind.SOCK_STREAM, proto=6>\nblock = False\n\n    @_sslcopydoc\n    def do_handshake(self, block=False):\n        self._check_connected()\n        timeout = self.gettimeout()\n        try:\n            if timeout == 0.0 and block:\n                self.settimeout(None)\n>           self._sslobj.do_handshake()\nE           ssl.SSLCertVerificationError: [SSL: CERTIFICATE_VERIFY_FAILED] certificate verify failed: Hostname mismatch, certificate is not valid for 'rpc-pendulum.prd.pendulumchain.tech'. (_ssl.c:1007)\n\n/usr/lib/python3.10/ssl.py:1371: SSLCertVerificationError","flaky":false,"newFailed":false,"newBroken":true,"newPassed":false,"retriesCount":2,"retriesStatusChange":false,"beforeStages":[{"name":"connection_by_url","time":{"start":1714061010083,"stop":1714061010379,"duration":296},"status":"broken","statusMessage":"ssl.SSLCertVerificationError: [SSL: CERTIFICATE_VERIFY_FAILED] certificate verify failed: Hostname mismatch, certificate is not valid for 'rpc-pendulum.prd.pendulumchain.tech'. (_ssl.c:1007)\n","statusTrace":"  File \"/home/runner/work/test-runner/test-runner/nova-utils/.venv/lib/python3.10/site-packages/pluggy/_callers.py\", line 77, in _multicall\n    res = hook_impl.function(*args)\n  File \"/home/runner/work/test-runner/test-runner/nova-utils/.venv/lib/python3.10/site-packages/_pytest/fixtures.py\", line 1128, in pytest_fixture_setup\n    result = call_fixture_func(fixturefunc, request, kwargs)\n  File \"/home/runner/work/test-runner/test-runner/nova-utils/.venv/lib/python3.10/site-packages/_pytest/fixtures.py\", line 907, in call_fixture_func\n    fixture_result = fixturefunc(**kwargs)\n  File \"/home/runner/work/test-runner/test-runner/nova-utils/tests/conftest.py\", line 40, in connection_by_url\n    connection = execute_with_timeout(\n  File \"/home/runner/work/test-runner/test-runner/nova-utils/tests/conftest.py\", line 29, in execute_with_timeout\n    return func_timeout(timeout=timeout, func=function, args=args)\n  File \"/home/runner/work/test-runner/test-runner/nova-utils/.venv/lib/python3.10/site-packages/func_timeout/dafunc.py\", line 108, in func_timeout\n    raise_exception(exception)\n  File \"/home/runner/work/test-runner/test-runner/nova-utils/.venv/lib/python3.10/site-packages/func_timeout/py3_raise.py\", line 7, in raise_exception\n    raise exception[0] from None\n  File \"/home/runner/work/test-runner/test-runner/nova-utils/scripts/utils/substrate_interface.py\", line 30, in create_connection_by_url\n    substrate = SubstrateInterface(\n  File \"/home/runner/work/test-runner/test-runner/nova-utils/.venv/lib/python3.10/site-packages/substrateinterface/base.py\", line 132, in __init__\n    self.connect_websocket()\n  File \"/home/runner/work/test-runner/test-runner/nova-utils/.venv/lib/python3.10/site-packages/substrateinterface/base.py\", line 177, in connect_websocket\n    self.websocket = create_connection(\n  File \"/home/runner/work/test-runner/test-runner/nova-utils/.venv/lib/python3.10/site-packages/websocket/_core.py\", line 646, in create_connection\n    websock.connect(url, **options)\n  File \"/home/runner/work/test-runner/test-runner/nova-utils/.venv/lib/python3.10/site-packages/websocket/_core.py\", line 256, in connect\n    self.sock, addrs = connect(\n  File \"/home/runner/work/test-runner/test-runner/nova-utils/.venv/lib/python3.10/site-packages/websocket/_http.py\", line 147, in connect\n    sock = _ssl_socket(sock, options.sslopt, hostname)\n  File \"/home/runner/work/test-runner/test-runner/nova-utils/.venv/lib/python3.10/site-packages/websocket/_http.py\", line 307, in _ssl_socket\n    sock = _wrap_sni_socket(sock, sslopt, hostname, check_hostname)\n  File \"/home/runner/work/test-runner/test-runner/nova-utils/.venv/lib/python3.10/site-packages/websocket/_http.py\", line 277, in _wrap_sni_socket\n    return context.wrap_socket(\n  File \"/usr/lib/python3.10/ssl.py\", line 513, in wrap_socket\n    return self.sslsocket_class._create(\n  File \"/usr/lib/python3.10/ssl.py\", line 1100, in _create\n    self.do_handshake()\n  File \"/usr/lib/python3.10/ssl.py\", line 1371, in do_handshake\n    self._sslobj.do_handshake()\n","steps":[],"attachments":[],"parameters":[],"shouldDisplayMessage":true,"stepsCount":0,"attachmentsCount":0,"hasContent":true,"attachmentStep":false},{"name":"connection_by_url","time":{"start":1714061015479,"stop":1714061015746,"duration":267},"status":"broken","statusMessage":"ssl.SSLCertVerificationError: [SSL: CERTIFICATE_VERIFY_FAILED] certificate verify failed: Hostname mismatch, certificate is not valid for 'rpc-pendulum.prd.pendulumchain.tech'. (_ssl.c:1007)\n","statusTrace":"  File \"/home/runner/work/test-runner/test-runner/nova-utils/.venv/lib/python3.10/site-packages/pluggy/_callers.py\", line 77, in _multicall\n    res = hook_impl.function(*args)\n  File \"/home/runner/work/test-runner/test-runner/nova-utils/.venv/lib/python3.10/site-packages/_pytest/fixtures.py\", line 1128, in pytest_fixture_setup\n    result = call_fixture_func(fixturefunc, request, kwargs)\n  File \"/home/runner/work/test-runner/test-runner/nova-utils/.venv/lib/python3.10/site-packages/_pytest/fixtures.py\", line 907, in call_fixture_func\n    fixture_result = fixturefunc(**kwargs)\n  File \"/home/runner/work/test-runner/test-runner/nova-utils/tests/conftest.py\", line 40, in connection_by_url\n    connection = execute_with_timeout(\n  File \"/home/runner/work/test-runner/test-runner/nova-utils/tests/conftest.py\", line 29, in execute_with_timeout\n    return func_timeout(timeout=timeout, func=function, args=args)\n  File \"/home/runner/work/test-runner/test-runner/nova-utils/.venv/lib/python3.10/site-packages/func_timeout/dafunc.py\", line 108, in func_timeout\n    raise_exception(exception)\n  File \"/home/runner/work/test-runner/test-runner/nova-utils/.venv/lib/python3.10/site-packages/func_timeout/py3_raise.py\", line 7, in raise_exception\n    raise exception[0] from None\n  File \"/home/runner/work/test-runner/test-runner/nova-utils/scripts/utils/substrate_interface.py\", line 30, in create_connection_by_url\n    substrate = SubstrateInterface(\n  File \"/home/runner/work/test-runner/test-runner/nova-utils/.venv/lib/python3.10/site-packages/substrateinterface/base.py\", line 132, in __init__\n    self.connect_websocket()\n  File \"/home/runner/work/test-runner/test-runner/nova-utils/.venv/lib/python3.10/site-packages/substrateinterface/base.py\", line 177, in connect_websocket\n    self.websocket = create_connection(\n  File \"/home/runner/work/test-runner/test-runner/nova-utils/.venv/lib/python3.10/site-packages/websocket/_core.py\", line 646, in create_connection\n    websock.connect(url, **options)\n  File \"/home/runner/work/test-runner/test-runner/nova-utils/.venv/lib/python3.10/site-packages/websocket/_core.py\", line 256, in connect\n    self.sock, addrs = connect(\n  File \"/home/runner/work/test-runner/test-runner/nova-utils/.venv/lib/python3.10/site-packages/websocket/_http.py\", line 147, in connect\n    sock = _ssl_socket(sock, options.sslopt, hostname)\n  File \"/home/runner/work/test-runner/test-runner/nova-utils/.venv/lib/python3.10/site-packages/websocket/_http.py\", line 307, in _ssl_socket\n    sock = _wrap_sni_socket(sock, sslopt, hostname, check_hostname)\n  File \"/home/runner/work/test-runner/test-runner/nova-utils/.venv/lib/python3.10/site-packages/websocket/_http.py\", line 277, in _wrap_sni_socket\n    return context.wrap_socket(\n  File \"/usr/lib/python3.10/ssl.py\", line 513, in wrap_socket\n    return self.sslsocket_class._create(\n  File \"/usr/lib/python3.10/ssl.py\", line 1100, in _create\n    self.do_handshake()\n  File \"/usr/lib/python3.10/ssl.py\", line 1371, in do_handshake\n    self._sslobj.do_handshake()\n","steps":[],"attachments":[],"parameters":[],"shouldDisplayMessage":true,"stepsCount":0,"attachmentsCount":0,"hasContent":true,"attachmentStep":false},{"name":"connection_by_url","time":{"start":1714061020835,"stop":1714061021113,"duration":278},"status":"broken","statusMessage":"ssl.SSLCertVerificationError: [SSL: CERTIFICATE_VERIFY_FAILED] certificate verify failed: Hostname mismatch, certificate is not valid for 'rpc-pendulum.prd.pendulumchain.tech'. (_ssl.c:1007)\n","statusTrace":"  File \"/home/runner/work/test-runner/test-runner/nova-utils/.venv/lib/python3.10/site-packages/pluggy/_callers.py\", line 77, in _multicall\n    res = hook_impl.function(*args)\n  File \"/home/runner/work/test-runner/test-runner/nova-utils/.venv/lib/python3.10/site-packages/_pytest/fixtures.py\", line 1128, in pytest_fixture_setup\n    result = call_fixture_func(fixturefunc, request, kwargs)\n  File \"/home/runner/work/test-runner/test-runner/nova-utils/.venv/lib/python3.10/site-packages/_pytest/fixtures.py\", line 907, in call_fixture_func\n    fixture_result = fixturefunc(**kwargs)\n  File \"/home/runner/work/test-runner/test-runner/nova-utils/tests/conftest.py\", line 40, in connection_by_url\n    connection = execute_with_timeout(\n  File \"/home/runner/work/test-runner/test-runner/nova-utils/tests/conftest.py\", line 29, in execute_with_timeout\n    return func_timeout(timeout=timeout, func=function, args=args)\n  File \"/home/runner/work/test-runner/test-runner/nova-utils/.venv/lib/python3.10/site-packages/func_timeout/dafunc.py\", line 108, in func_timeout\n    raise_exception(exception)\n  File \"/home/runner/work/test-runner/test-runner/nova-utils/.venv/lib/python3.10/site-packages/func_timeout/py3_raise.py\", line 7, in raise_exception\n    raise exception[0] from None\n  File \"/home/runner/work/test-runner/test-runner/nova-utils/scripts/utils/substrate_interface.py\", line 30, in create_connection_by_url\n    substrate = SubstrateInterface(\n  File \"/home/runner/work/test-runner/test-runner/nova-utils/.venv/lib/python3.10/site-packages/substrateinterface/base.py\", line 132, in __init__\n    self.connect_websocket()\n  File \"/home/runner/work/test-runner/test-runner/nova-utils/.venv/lib/python3.10/site-packages/substrateinterface/base.py\", line 177, in connect_websocket\n    self.websocket = create_connection(\n  File \"/home/runner/work/test-runner/test-runner/nova-utils/.venv/lib/python3.10/site-packages/websocket/_core.py\", line 646, in create_connection\n    websock.connect(url, **options)\n  File \"/home/runner/work/test-runner/test-runner/nova-utils/.venv/lib/python3.10/site-packages/websocket/_core.py\", line 256, in connect\n    self.sock, addrs = connect(\n  File \"/home/runner/work/test-runner/test-runner/nova-utils/.venv/lib/python3.10/site-packages/websocket/_http.py\", line 147, in connect\n    sock = _ssl_socket(sock, options.sslopt, hostname)\n  File \"/home/runner/work/test-runner/test-runner/nova-utils/.venv/lib/python3.10/site-packages/websocket/_http.py\", line 307, in _ssl_socket\n    sock = _wrap_sni_socket(sock, sslopt, hostname, check_hostname)\n  File \"/home/runner/work/test-runner/test-runner/nova-utils/.venv/lib/python3.10/site-packages/websocket/_http.py\", line 277, in _wrap_sni_socket\n    return context.wrap_socket(\n  File \"/usr/lib/python3.10/ssl.py\", line 513, in wrap_socket\n    return self.sslsocket_class._create(\n  File \"/usr/lib/python3.10/ssl.py\", line 1100, in _create\n    self.do_handshake()\n  File \"/usr/lib/python3.10/ssl.py\", line 1371, in do_handshake\n    self._sslobj.do_handshake()\n","steps":[],"attachments":[],"parameters":[],"shouldDisplayMessage":true,"stepsCount":0,"attachmentsCount":0,"hasContent":true,"attachmentStep":false}],"testStage":{"status":"broken","statusMessage":"ssl.SSLCertVerificationError: [SSL: CERTIFICATE_VERIFY_FAILED] certificate verify failed: Hostname mismatch, certificate is not valid for 'rpc-pendulum.prd.pendulumchain.tech'. (_ssl.c:1007)","statusTrace":"request = <SubRequest 'connection_by_url' for <Function test_can_create_connection[Test for Pendulum, url: wss://rpc-pendulum.prd.pendulumchain.tech]>>\n\n    @pytest.fixture(scope=\"module\", params=collect_nodes_for_chains(get_substrate_chains()), ids=task_ids)\n    def connection_by_url(request):\n        data = request.param\n>       connection = execute_with_timeout(\n            timeout=FIXTURE_TIMEOUT,\n            function=create_connection_by_url,\n            args=(data[\"url\"],),\n            error_message=f'Timeout {FIXTURE_TIMEOUT} when creating connection: {data[\"url\"]}'\n        )\n\ntests/conftest.py:40: \n_ _ _ _ _ _ _ _ _ _ _ _ _ _ _ _ _ _ _ _ _ _ _ _ _ _ _ _ _ _ _ _ _ _ _ _ _ _ _ _ \ntests/conftest.py:29: in execute_with_timeout\n    return func_timeout(timeout=timeout, func=function, args=args)\n.venv/lib/python3.10/site-packages/func_timeout/dafunc.py:108: in func_timeout\n    raise_exception(exception)\n.venv/lib/python3.10/site-packages/func_timeout/py3_raise.py:7: in raise_exception\n    raise exception[0] from None\nscripts/utils/substrate_interface.py:30: in create_connection_by_url\n    substrate = SubstrateInterface(\n.venv/lib/python3.10/site-packages/substrateinterface/base.py:132: in __init__\n    self.connect_websocket()\n.venv/lib/python3.10/site-packages/substrateinterface/base.py:177: in connect_websocket\n    self.websocket = create_connection(\n.venv/lib/python3.10/site-packages/websocket/_core.py:646: in create_connection\n    websock.connect(url, **options)\n.venv/lib/python3.10/site-packages/websocket/_core.py:256: in connect\n    self.sock, addrs = connect(\n.venv/lib/python3.10/site-packages/websocket/_http.py:147: in connect\n    sock = _ssl_socket(sock, options.sslopt, hostname)\n.venv/lib/python3.10/site-packages/websocket/_http.py:307: in _ssl_socket\n    sock = _wrap_sni_socket(sock, sslopt, hostname, check_hostname)\n.venv/lib/python3.10/site-packages/websocket/_http.py:277: in _wrap_sni_socket\n    return context.wrap_socket(\n/usr/lib/python3.10/ssl.py:513: in wrap_socket\n    return self.sslsocket_class._create(\n/usr/lib/python3.10/ssl.py:1100: in _create\n    self.do_handshake()\n_ _ _ _ _ _ _ _ _ _ _ _ _ _ _ _ _ _ _ _ _ _ _ _ _ _ _ _ _ _ _ _ _ _ _ _ _ _ _ _ \n\nself = <ssl.SSLSocket [closed] fd=-1, family=AddressFamily.AF_INET, type=SocketKind.SOCK_STREAM, proto=6>\nblock = False\n\n    @_sslcopydoc\n    def do_handshake(self, block=False):\n        self._check_connected()\n        timeout = self.gettimeout()\n        try:\n            if timeout == 0.0 and block:\n                self.settimeout(None)\n>           self._sslobj.do_handshake()\nE           ssl.SSLCertVerificationError: [SSL: CERTIFICATE_VERIFY_FAILED] certificate verify failed: Hostname mismatch, certificate is not valid for 'rpc-pendulum.prd.pendulumchain.tech'. (_ssl.c:1007)\n\n/usr/lib/python3.10/ssl.py:1371: SSLCertVerificationError","steps":[],"attachments":[{"uid":"858e7b4ea759fde2","name":"stdout","source":"858e7b4ea759fde2.txt","type":"text/plain","size":759}],"parameters":[],"shouldDisplayMessage":true,"stepsCount":0,"attachmentsCount":1,"hasContent":true,"attachmentStep":false},"afterStages":[],"labels":[{"name":"parentSuite","value":"tests"},{"name":"suite","value":"test_nodes_availability"},{"name":"host","value":"fv-az1210-406"},{"name":"thread","value":"2149-MainThread"},{"name":"framework","value":"pytest"},{"name":"language","value":"cpython3"},{"name":"package","value":"tests.test_nodes_availability"},{"name":"resultFormat","value":"allure2"}],"parameters":[{"name":"connection_by_url","value":"{'url': 'wss://rpc-pendulum.prd.pendulumchain.tech', 'name': 'Pendulum'}"}],"links":[],"hidden":false,"retry":false,"extra":{"severity":"normal","retries":[{"uid":"ef2a117510fdbe2b","status":"broken","statusDetails":"ssl.SSLCertVerificationError: [SSL: CERTIFICATE_VERIFY_FAILED] certificate verify failed: Hostname mismatch, certificate is not valid for 'rpc-pendulum.prd.pendulumchain.tech'. (_ssl.c:1007)","time":{"start":1714061015478,"stop":1714061015478,"duration":0}},{"uid":"d7ef3e03efd08859","status":"broken","statusDetails":"ssl.SSLCertVerificationError: [SSL: CERTIFICATE_VERIFY_FAILED] certificate verify failed: Hostname mismatch, certificate is not valid for 'rpc-pendulum.prd.pendulumchain.tech'. (_ssl.c:1007)","time":{"start":1714061010082,"stop":1714061010082,"duration":0}}],"categories":[{"name":"Test defects","matchedStatuses":[],"flaky":false}],"history":{"statistic":{"failed":0,"broken":28,"skipped":0,"passed":1177,"unknown":0,"total":1205},"items":[{"uid":"6497f8afe5a72d45","reportUrl":"https://novasamatech.github.io/test-runner/5129//#testresult/6497f8afe5a72d45","status":"passed","time":{"start":1714046633678,"stop":1714046633678,"duration":0}},{"uid":"feaaf74ef04181e0","reportUrl":"https://novasamatech.github.io/test-runner/5128//#testresult/feaaf74ef04181e0","status":"broken","statusDetails":"tests.conftest.FixtureTimeoutError: Timeout 15 when getting properties: wss://rpc-pendulum.prd.pendulumchain.tech","time":{"start":1714032278229,"stop":1714032278230,"duration":1}},{"uid":"63f246fc5f75dad2","reportUrl":"https://novasamatech.github.io/test-runner/5127//#testresult/63f246fc5f75dad2","status":"broken","statusDetails":"tests.conftest.FixtureTimeoutError: Timeout 15 when getting properties: wss://rpc-pendulum.prd.pendulumchain.tech","time":{"start":1714017854859,"stop":1714017854859,"duration":0}},{"uid":"63d0495911af19a0","reportUrl":"https://novasamatech.github.io/test-runner/5126//#testresult/63d0495911af19a0","status":"passed","time":{"start":1714003477609,"stop":1714003477609,"duration":0}},{"uid":"cd25ded6c44fa0e9","reportUrl":"https://novasamatech.github.io/test-runner/5125//#testresult/cd25ded6c44fa0e9","status":"broken","statusDetails":"tests.conftest.FixtureTimeoutError: Timeout 15 when getting properties: wss://rpc-pendulum.prd.pendulumchain.tech","time":{"start":1713989064310,"stop":1713989064310,"duration":0}},{"uid":"d47b1e2b1b699a71","reportUrl":"https://novasamatech.github.io/test-runner/5124//#testresult/d47b1e2b1b699a71","status":"passed","time":{"start":1713974668361,"stop":1713974668361,"duration":0}},{"uid":"9e06f27f57e6f7ac","reportUrl":"https://novasamatech.github.io/test-runner/5123//#testresult/9e06f27f57e6f7ac","status":"passed","time":{"start":1713960197605,"stop":1713960197605,"duration":0}},{"uid":"9506c0962154c809","reportUrl":"https://novasamatech.github.io/test-runner/5122//#testresult/9506c0962154c809","status":"passed","time":{"start":1713945940820,"stop":1713945940821,"duration":1}},{"uid":"96bf0646d2fab140","reportUrl":"https://novasamatech.github.io/test-runner/5121//#testresult/96bf0646d2fab140","status":"passed","time":{"start":1713931589884,"stop":1713931589884,"duration":0}},{"uid":"17e6295a276d5cc2","reportUrl":"https://novasamatech.github.io/test-runner/5120//#testresult/17e6295a276d5cc2","status":"passed","time":{"start":1713917032240,"stop":1713917032240,"duration":0}},{"uid":"d603b40fb1f666a2","reportUrl":"https://novasamatech.github.io/test-runner/5119//#testresult/d603b40fb1f666a2","status":"passed","time":{"start":1713902593441,"stop":1713902593441,"duration":0}},{"uid":"1e42dac6e721890e","reportUrl":"https://novasamatech.github.io/test-runner/5118//#testresult/1e42dac6e721890e","status":"passed","time":{"start":1713888236125,"stop":1713888236125,"duration":0}},{"uid":"17a2b6206db157d9","reportUrl":"https://novasamatech.github.io/test-runner/5117//#testresult/17a2b6206db157d9","status":"passed","time":{"start":1713873814604,"stop":1713873814604,"duration":0}},{"uid":"fcb5efce3bd82b9a","reportUrl":"https://novasamatech.github.io/test-runner/5116//#testresult/fcb5efce3bd82b9a","status":"passed","time":{"start":1713859425494,"stop":1713859425495,"duration":1}},{"uid":"7c95d26e10dbae3d","reportUrl":"https://novasamatech.github.io/test-runner/5115//#testresult/7c95d26e10dbae3d","status":"passed","time":{"start":1713845019311,"stop":1713845019311,"duration":0}},{"uid":"bb5fdb386762aa44","reportUrl":"https://novasamatech.github.io/test-runner/5114//#testresult/bb5fdb386762aa44","status":"passed","time":{"start":1713830659518,"stop":1713830659518,"duration":0}},{"uid":"c8f21515d8219c20","reportUrl":"https://novasamatech.github.io/test-runner/5113//#testresult/c8f21515d8219c20","status":"passed","time":{"start":1713816188178,"stop":1713816188178,"duration":0}},{"uid":"6588770fd7d4b2e9","reportUrl":"https://novasamatech.github.io/test-runner/5112//#testresult/6588770fd7d4b2e9","status":"passed","time":{"start":1713801796790,"stop":1713801796791,"duration":1}},{"uid":"d7e39d5574cae21b","reportUrl":"https://novasamatech.github.io/test-runner/5111//#testresult/d7e39d5574cae21b","status":"passed","time":{"start":1713787402391,"stop":1713787402391,"duration":0}},{"uid":"b2e106eeca3deb82","reportUrl":"https://novasamatech.github.io/test-runner/5110//#testresult/b2e106eeca3deb82","status":"passed","time":{"start":1713772999986,"stop":1713772999986,"duration":0}}]},"tags":[]},"source":"26caa0e4cd74f166.json","parameterValues":["{'url': 'wss://rpc-pendulum.prd.pendulumchain.tech', 'name': 'Pendulum'}"]}