{"uid":"feac85a7414ec051","name":"test_can_create_connection[Test for Acala, url: wss://acala-rpc-0.aca-api.network]","fullName":"tests.test_nodes_availability#test_can_create_connection","historyId":"3d8f2ce0558c9bfde019f2a96edd941d","time":{"start":1705910548202,"stop":1705910548202,"duration":0},"status":"broken","statusMessage":"ssl.SSLCertVerificationError: [SSL: CERTIFICATE_VERIFY_FAILED] certificate verify failed: Hostname mismatch, certificate is not valid for 'acala-rpc-0.aca-api.network'. (_ssl.c:1007)","statusTrace":"request = <SubRequest 'connection_by_url' for <Function test_can_create_connection[Test for Acala, url: wss://acala-rpc-0.aca-api.network]>>\n\n    @pytest.fixture(scope=\"module\", params=collect_nodes_for_chains(get_substrate_chains()), ids=task_ids)\n    def connection_by_url(request):\n        data = request.param\n>       connection = execute_with_timeout(\n            timeout=FIXTURE_TIMEOUT,\n            function=create_connection_by_url,\n            args=(data[\"url\"],),\n            error_message=f'Timeout {FIXTURE_TIMEOUT} when creating connection: {data[\"url\"]}'\n        )\n\ntests/conftest.py:29: \n_ _ _ _ _ _ _ _ _ _ _ _ _ _ _ _ _ _ _ _ _ _ _ _ _ _ _ _ _ _ _ _ _ _ _ _ _ _ _ _ \ntests/conftest.py:22: in execute_with_timeout\n    return func_timeout(timeout=timeout, func=function, args=args)\n.venv/lib/python3.10/site-packages/func_timeout/dafunc.py:108: in func_timeout\n    raise_exception(exception)\n.venv/lib/python3.10/site-packages/func_timeout/py3_raise.py:7: in raise_exception\n    raise exception[0] from None\nscripts/utils/substrate_interface.py:30: in create_connection_by_url\n    substrate = SubstrateInterface(\n.venv/lib/python3.10/site-packages/substrateinterface/base.py:132: in __init__\n    self.connect_websocket()\n.venv/lib/python3.10/site-packages/substrateinterface/base.py:177: in connect_websocket\n    self.websocket = create_connection(\n.venv/lib/python3.10/site-packages/websocket/_core.py:646: in create_connection\n    websock.connect(url, **options)\n.venv/lib/python3.10/site-packages/websocket/_core.py:256: in connect\n    self.sock, addrs = connect(\n.venv/lib/python3.10/site-packages/websocket/_http.py:147: in connect\n    sock = _ssl_socket(sock, options.sslopt, hostname)\n.venv/lib/python3.10/site-packages/websocket/_http.py:307: in _ssl_socket\n    sock = _wrap_sni_socket(sock, sslopt, hostname, check_hostname)\n.venv/lib/python3.10/site-packages/websocket/_http.py:277: in _wrap_sni_socket\n    return context.wrap_socket(\n/usr/lib/python3.10/ssl.py:513: in wrap_socket\n    return self.sslsocket_class._create(\n/usr/lib/python3.10/ssl.py:1100: in _create\n    self.do_handshake()\n_ _ _ _ _ _ _ _ _ _ _ _ _ _ _ _ _ _ _ _ _ _ _ _ _ _ _ _ _ _ _ _ _ _ _ _ _ _ _ _ \n\nself = <ssl.SSLSocket [closed] fd=-1, family=AddressFamily.AF_INET, type=SocketKind.SOCK_STREAM, proto=6>\nblock = False\n\n    @_sslcopydoc\n    def do_handshake(self, block=False):\n        self._check_connected()\n        timeout = self.gettimeout()\n        try:\n            if timeout == 0.0 and block:\n                self.settimeout(None)\n>           self._sslobj.do_handshake()\nE           ssl.SSLCertVerificationError: [SSL: CERTIFICATE_VERIFY_FAILED] certificate verify failed: Hostname mismatch, certificate is not valid for 'acala-rpc-0.aca-api.network'. (_ssl.c:1007)\n\n/usr/lib/python3.10/ssl.py:1371: SSLCertVerificationError","flaky":false,"newFailed":false,"newBroken":true,"newPassed":false,"retriesCount":2,"retriesStatusChange":false,"beforeStages":[{"name":"connection_by_url","time":{"start":1705910535947,"stop":1705910536398,"duration":451},"status":"broken","statusMessage":"ssl.SSLCertVerificationError: [SSL: CERTIFICATE_VERIFY_FAILED] certificate verify failed: Hostname mismatch, certificate is not valid for 'acala-rpc-0.aca-api.network'. (_ssl.c:1007)\n","statusTrace":"  File \"/home/runner/work/test-runner/test-runner/nova-utils/.venv/lib/python3.10/site-packages/pluggy/_callers.py\", line 77, in _multicall\n    res = hook_impl.function(*args)\n  File \"/home/runner/work/test-runner/test-runner/nova-utils/.venv/lib/python3.10/site-packages/_pytest/fixtures.py\", line 1128, in pytest_fixture_setup\n    result = call_fixture_func(fixturefunc, request, kwargs)\n  File \"/home/runner/work/test-runner/test-runner/nova-utils/.venv/lib/python3.10/site-packages/_pytest/fixtures.py\", line 907, in call_fixture_func\n    fixture_result = fixturefunc(**kwargs)\n  File \"/home/runner/work/test-runner/test-runner/nova-utils/tests/conftest.py\", line 29, in connection_by_url\n    connection = execute_with_timeout(\n  File \"/home/runner/work/test-runner/test-runner/nova-utils/tests/conftest.py\", line 22, in execute_with_timeout\n    return func_timeout(timeout=timeout, func=function, args=args)\n  File \"/home/runner/work/test-runner/test-runner/nova-utils/.venv/lib/python3.10/site-packages/func_timeout/dafunc.py\", line 108, in func_timeout\n    raise_exception(exception)\n  File \"/home/runner/work/test-runner/test-runner/nova-utils/.venv/lib/python3.10/site-packages/func_timeout/py3_raise.py\", line 7, in raise_exception\n    raise exception[0] from None\n  File \"/home/runner/work/test-runner/test-runner/nova-utils/scripts/utils/substrate_interface.py\", line 30, in create_connection_by_url\n    substrate = SubstrateInterface(\n  File \"/home/runner/work/test-runner/test-runner/nova-utils/.venv/lib/python3.10/site-packages/substrateinterface/base.py\", line 132, in __init__\n    self.connect_websocket()\n  File \"/home/runner/work/test-runner/test-runner/nova-utils/.venv/lib/python3.10/site-packages/substrateinterface/base.py\", line 177, in connect_websocket\n    self.websocket = create_connection(\n  File \"/home/runner/work/test-runner/test-runner/nova-utils/.venv/lib/python3.10/site-packages/websocket/_core.py\", line 646, in create_connection\n    websock.connect(url, **options)\n  File \"/home/runner/work/test-runner/test-runner/nova-utils/.venv/lib/python3.10/site-packages/websocket/_core.py\", line 256, in connect\n    self.sock, addrs = connect(\n  File \"/home/runner/work/test-runner/test-runner/nova-utils/.venv/lib/python3.10/site-packages/websocket/_http.py\", line 147, in connect\n    sock = _ssl_socket(sock, options.sslopt, hostname)\n  File \"/home/runner/work/test-runner/test-runner/nova-utils/.venv/lib/python3.10/site-packages/websocket/_http.py\", line 307, in _ssl_socket\n    sock = _wrap_sni_socket(sock, sslopt, hostname, check_hostname)\n  File \"/home/runner/work/test-runner/test-runner/nova-utils/.venv/lib/python3.10/site-packages/websocket/_http.py\", line 277, in _wrap_sni_socket\n    return context.wrap_socket(\n  File \"/usr/lib/python3.10/ssl.py\", line 513, in wrap_socket\n    return self.sslsocket_class._create(\n  File \"/usr/lib/python3.10/ssl.py\", line 1100, in _create\n    self.do_handshake()\n  File \"/usr/lib/python3.10/ssl.py\", line 1371, in do_handshake\n    self._sslobj.do_handshake()\n","steps":[],"attachments":[],"parameters":[],"shouldDisplayMessage":true,"stepsCount":0,"attachmentsCount":0,"hasContent":true,"attachmentStep":false},{"name":"connection_by_url","time":{"start":1705910542731,"stop":1705910543113,"duration":382},"status":"broken","statusMessage":"ssl.SSLCertVerificationError: [SSL: CERTIFICATE_VERIFY_FAILED] certificate verify failed: Hostname mismatch, certificate is not valid for 'acala-rpc-0.aca-api.network'. (_ssl.c:1007)\n","statusTrace":"  File \"/home/runner/work/test-runner/test-runner/nova-utils/.venv/lib/python3.10/site-packages/pluggy/_callers.py\", line 77, in _multicall\n    res = hook_impl.function(*args)\n  File \"/home/runner/work/test-runner/test-runner/nova-utils/.venv/lib/python3.10/site-packages/_pytest/fixtures.py\", line 1128, in pytest_fixture_setup\n    result = call_fixture_func(fixturefunc, request, kwargs)\n  File \"/home/runner/work/test-runner/test-runner/nova-utils/.venv/lib/python3.10/site-packages/_pytest/fixtures.py\", line 907, in call_fixture_func\n    fixture_result = fixturefunc(**kwargs)\n  File \"/home/runner/work/test-runner/test-runner/nova-utils/tests/conftest.py\", line 29, in connection_by_url\n    connection = execute_with_timeout(\n  File \"/home/runner/work/test-runner/test-runner/nova-utils/tests/conftest.py\", line 22, in execute_with_timeout\n    return func_timeout(timeout=timeout, func=function, args=args)\n  File \"/home/runner/work/test-runner/test-runner/nova-utils/.venv/lib/python3.10/site-packages/func_timeout/dafunc.py\", line 108, in func_timeout\n    raise_exception(exception)\n  File \"/home/runner/work/test-runner/test-runner/nova-utils/.venv/lib/python3.10/site-packages/func_timeout/py3_raise.py\", line 7, in raise_exception\n    raise exception[0] from None\n  File \"/home/runner/work/test-runner/test-runner/nova-utils/scripts/utils/substrate_interface.py\", line 30, in create_connection_by_url\n    substrate = SubstrateInterface(\n  File \"/home/runner/work/test-runner/test-runner/nova-utils/.venv/lib/python3.10/site-packages/substrateinterface/base.py\", line 132, in __init__\n    self.connect_websocket()\n  File \"/home/runner/work/test-runner/test-runner/nova-utils/.venv/lib/python3.10/site-packages/substrateinterface/base.py\", line 177, in connect_websocket\n    self.websocket = create_connection(\n  File \"/home/runner/work/test-runner/test-runner/nova-utils/.venv/lib/python3.10/site-packages/websocket/_core.py\", line 646, in create_connection\n    websock.connect(url, **options)\n  File \"/home/runner/work/test-runner/test-runner/nova-utils/.venv/lib/python3.10/site-packages/websocket/_core.py\", line 256, in connect\n    self.sock, addrs = connect(\n  File \"/home/runner/work/test-runner/test-runner/nova-utils/.venv/lib/python3.10/site-packages/websocket/_http.py\", line 147, in connect\n    sock = _ssl_socket(sock, options.sslopt, hostname)\n  File \"/home/runner/work/test-runner/test-runner/nova-utils/.venv/lib/python3.10/site-packages/websocket/_http.py\", line 307, in _ssl_socket\n    sock = _wrap_sni_socket(sock, sslopt, hostname, check_hostname)\n  File \"/home/runner/work/test-runner/test-runner/nova-utils/.venv/lib/python3.10/site-packages/websocket/_http.py\", line 277, in _wrap_sni_socket\n    return context.wrap_socket(\n  File \"/usr/lib/python3.10/ssl.py\", line 513, in wrap_socket\n    return self.sslsocket_class._create(\n  File \"/usr/lib/python3.10/ssl.py\", line 1100, in _create\n    self.do_handshake()\n  File \"/usr/lib/python3.10/ssl.py\", line 1371, in do_handshake\n    self._sslobj.do_handshake()\n","steps":[],"attachments":[],"parameters":[],"shouldDisplayMessage":true,"stepsCount":0,"attachmentsCount":0,"hasContent":true,"attachmentStep":false},{"name":"connection_by_url","time":{"start":1705910548203,"stop":1705910548825,"duration":622},"status":"broken","statusMessage":"ssl.SSLCertVerificationError: [SSL: CERTIFICATE_VERIFY_FAILED] certificate verify failed: Hostname mismatch, certificate is not valid for 'acala-rpc-0.aca-api.network'. (_ssl.c:1007)\n","statusTrace":"  File \"/home/runner/work/test-runner/test-runner/nova-utils/.venv/lib/python3.10/site-packages/pluggy/_callers.py\", line 77, in _multicall\n    res = hook_impl.function(*args)\n  File \"/home/runner/work/test-runner/test-runner/nova-utils/.venv/lib/python3.10/site-packages/_pytest/fixtures.py\", line 1128, in pytest_fixture_setup\n    result = call_fixture_func(fixturefunc, request, kwargs)\n  File \"/home/runner/work/test-runner/test-runner/nova-utils/.venv/lib/python3.10/site-packages/_pytest/fixtures.py\", line 907, in call_fixture_func\n    fixture_result = fixturefunc(**kwargs)\n  File \"/home/runner/work/test-runner/test-runner/nova-utils/tests/conftest.py\", line 29, in connection_by_url\n    connection = execute_with_timeout(\n  File \"/home/runner/work/test-runner/test-runner/nova-utils/tests/conftest.py\", line 22, in execute_with_timeout\n    return func_timeout(timeout=timeout, func=function, args=args)\n  File \"/home/runner/work/test-runner/test-runner/nova-utils/.venv/lib/python3.10/site-packages/func_timeout/dafunc.py\", line 108, in func_timeout\n    raise_exception(exception)\n  File \"/home/runner/work/test-runner/test-runner/nova-utils/.venv/lib/python3.10/site-packages/func_timeout/py3_raise.py\", line 7, in raise_exception\n    raise exception[0] from None\n  File \"/home/runner/work/test-runner/test-runner/nova-utils/scripts/utils/substrate_interface.py\", line 30, in create_connection_by_url\n    substrate = SubstrateInterface(\n  File \"/home/runner/work/test-runner/test-runner/nova-utils/.venv/lib/python3.10/site-packages/substrateinterface/base.py\", line 132, in __init__\n    self.connect_websocket()\n  File \"/home/runner/work/test-runner/test-runner/nova-utils/.venv/lib/python3.10/site-packages/substrateinterface/base.py\", line 177, in connect_websocket\n    self.websocket = create_connection(\n  File \"/home/runner/work/test-runner/test-runner/nova-utils/.venv/lib/python3.10/site-packages/websocket/_core.py\", line 646, in create_connection\n    websock.connect(url, **options)\n  File \"/home/runner/work/test-runner/test-runner/nova-utils/.venv/lib/python3.10/site-packages/websocket/_core.py\", line 256, in connect\n    self.sock, addrs = connect(\n  File \"/home/runner/work/test-runner/test-runner/nova-utils/.venv/lib/python3.10/site-packages/websocket/_http.py\", line 147, in connect\n    sock = _ssl_socket(sock, options.sslopt, hostname)\n  File \"/home/runner/work/test-runner/test-runner/nova-utils/.venv/lib/python3.10/site-packages/websocket/_http.py\", line 307, in _ssl_socket\n    sock = _wrap_sni_socket(sock, sslopt, hostname, check_hostname)\n  File \"/home/runner/work/test-runner/test-runner/nova-utils/.venv/lib/python3.10/site-packages/websocket/_http.py\", line 277, in _wrap_sni_socket\n    return context.wrap_socket(\n  File \"/usr/lib/python3.10/ssl.py\", line 513, in wrap_socket\n    return self.sslsocket_class._create(\n  File \"/usr/lib/python3.10/ssl.py\", line 1100, in _create\n    self.do_handshake()\n  File \"/usr/lib/python3.10/ssl.py\", line 1371, in do_handshake\n    self._sslobj.do_handshake()\n","steps":[],"attachments":[],"parameters":[],"shouldDisplayMessage":true,"stepsCount":0,"attachmentsCount":0,"hasContent":true,"attachmentStep":false}],"testStage":{"status":"broken","statusMessage":"ssl.SSLCertVerificationError: [SSL: CERTIFICATE_VERIFY_FAILED] certificate verify failed: Hostname mismatch, certificate is not valid for 'acala-rpc-0.aca-api.network'. (_ssl.c:1007)","statusTrace":"request = <SubRequest 'connection_by_url' for <Function test_can_create_connection[Test for Acala, url: wss://acala-rpc-0.aca-api.network]>>\n\n    @pytest.fixture(scope=\"module\", params=collect_nodes_for_chains(get_substrate_chains()), ids=task_ids)\n    def connection_by_url(request):\n        data = request.param\n>       connection = execute_with_timeout(\n            timeout=FIXTURE_TIMEOUT,\n            function=create_connection_by_url,\n            args=(data[\"url\"],),\n            error_message=f'Timeout {FIXTURE_TIMEOUT} when creating connection: {data[\"url\"]}'\n        )\n\ntests/conftest.py:29: \n_ _ _ _ _ _ _ _ _ _ _ _ _ _ _ _ _ _ _ _ _ _ _ _ _ _ _ _ _ _ _ _ _ _ _ _ _ _ _ _ \ntests/conftest.py:22: in execute_with_timeout\n    return func_timeout(timeout=timeout, func=function, args=args)\n.venv/lib/python3.10/site-packages/func_timeout/dafunc.py:108: in func_timeout\n    raise_exception(exception)\n.venv/lib/python3.10/site-packages/func_timeout/py3_raise.py:7: in raise_exception\n    raise exception[0] from None\nscripts/utils/substrate_interface.py:30: in create_connection_by_url\n    substrate = SubstrateInterface(\n.venv/lib/python3.10/site-packages/substrateinterface/base.py:132: in __init__\n    self.connect_websocket()\n.venv/lib/python3.10/site-packages/substrateinterface/base.py:177: in connect_websocket\n    self.websocket = create_connection(\n.venv/lib/python3.10/site-packages/websocket/_core.py:646: in create_connection\n    websock.connect(url, **options)\n.venv/lib/python3.10/site-packages/websocket/_core.py:256: in connect\n    self.sock, addrs = connect(\n.venv/lib/python3.10/site-packages/websocket/_http.py:147: in connect\n    sock = _ssl_socket(sock, options.sslopt, hostname)\n.venv/lib/python3.10/site-packages/websocket/_http.py:307: in _ssl_socket\n    sock = _wrap_sni_socket(sock, sslopt, hostname, check_hostname)\n.venv/lib/python3.10/site-packages/websocket/_http.py:277: in _wrap_sni_socket\n    return context.wrap_socket(\n/usr/lib/python3.10/ssl.py:513: in wrap_socket\n    return self.sslsocket_class._create(\n/usr/lib/python3.10/ssl.py:1100: in _create\n    self.do_handshake()\n_ _ _ _ _ _ _ _ _ _ _ _ _ _ _ _ _ _ _ _ _ _ _ _ _ _ _ _ _ _ _ _ _ _ _ _ _ _ _ _ \n\nself = <ssl.SSLSocket [closed] fd=-1, family=AddressFamily.AF_INET, type=SocketKind.SOCK_STREAM, proto=6>\nblock = False\n\n    @_sslcopydoc\n    def do_handshake(self, block=False):\n        self._check_connected()\n        timeout = self.gettimeout()\n        try:\n            if timeout == 0.0 and block:\n                self.settimeout(None)\n>           self._sslobj.do_handshake()\nE           ssl.SSLCertVerificationError: [SSL: CERTIFICATE_VERIFY_FAILED] certificate verify failed: Hostname mismatch, certificate is not valid for 'acala-rpc-0.aca-api.network'. (_ssl.c:1007)\n\n/usr/lib/python3.10/ssl.py:1371: SSLCertVerificationError","steps":[],"attachments":[{"uid":"6e25df71ac25b570","name":"stdout","source":"6e25df71ac25b570.txt","type":"text/plain","size":711}],"parameters":[],"shouldDisplayMessage":true,"stepsCount":0,"attachmentsCount":1,"hasContent":true,"attachmentStep":false},"afterStages":[],"labels":[{"name":"parentSuite","value":"tests"},{"name":"suite","value":"test_nodes_availability"},{"name":"host","value":"fv-az1040-450"},{"name":"thread","value":"2236-MainThread"},{"name":"framework","value":"pytest"},{"name":"language","value":"cpython3"},{"name":"package","value":"tests.test_nodes_availability"},{"name":"resultFormat","value":"allure2"}],"parameters":[{"name":"connection_by_url","value":"{'url': 'wss://acala-rpc-0.aca-api.network', 'name': 'Acala'}"}],"links":[],"hidden":false,"retry":false,"extra":{"severity":"normal","retries":[{"uid":"7756bc95f9419b84","status":"broken","statusDetails":"ssl.SSLCertVerificationError: [SSL: CERTIFICATE_VERIFY_FAILED] certificate verify failed: Hostname mismatch, certificate is not valid for 'acala-rpc-0.aca-api.network'. (_ssl.c:1007)","time":{"start":1705910542730,"stop":1705910542730,"duration":0}},{"uid":"5b7b8e4b44bb248d","status":"broken","statusDetails":"ssl.SSLCertVerificationError: [SSL: CERTIFICATE_VERIFY_FAILED] certificate verify failed: Hostname mismatch, certificate is not valid for 'acala-rpc-0.aca-api.network'. (_ssl.c:1007)","time":{"start":1705910535947,"stop":1705910535947,"duration":0}}],"categories":[{"name":"Test defects","matchedStatuses":[],"flaky":false}],"history":{"statistic":{"failed":0,"broken":30,"skipped":0,"passed":742,"unknown":0,"total":772},"items":[{"uid":"b25c6d0a4176dbec","reportUrl":"https://novasamatech.github.io/test-runner/4558//#testresult/b25c6d0a4176dbec","status":"passed","time":{"start":1705896165822,"stop":1705896165822,"duration":0}},{"uid":"1b7b6e86465219a3","reportUrl":"https://novasamatech.github.io/test-runner/4557//#testresult/1b7b6e86465219a3","status":"passed","time":{"start":1705881793973,"stop":1705881793973,"duration":0}},{"uid":"efa1aae91501fa34","reportUrl":"https://novasamatech.github.io/test-runner/4556//#testresult/efa1aae91501fa34","status":"passed","time":{"start":1705867361110,"stop":1705867361110,"duration":0}},{"uid":"59ae667f27f373e0","reportUrl":"https://novasamatech.github.io/test-runner/4555//#testresult/59ae667f27f373e0","status":"passed","time":{"start":1705852934557,"stop":1705852934558,"duration":1}},{"uid":"145ab9ca138de3b5","reportUrl":"https://novasamatech.github.io/test-runner/4554//#testresult/145ab9ca138de3b5","status":"broken","statusDetails":"ssl.SSLCertVerificationError: [SSL: CERTIFICATE_VERIFY_FAILED] certificate verify failed: Hostname mismatch, certificate is not valid for 'acala-rpc-0.aca-api.network'. (_ssl.c:1007)","time":{"start":1705838567036,"stop":1705838567036,"duration":0}},{"uid":"ef94a4253a3bd60b","reportUrl":"https://novasamatech.github.io/test-runner/4553//#testresult/ef94a4253a3bd60b","status":"broken","statusDetails":"ssl.SSLCertVerificationError: [SSL: CERTIFICATE_VERIFY_FAILED] certificate verify failed: Hostname mismatch, certificate is not valid for 'acala-rpc-0.aca-api.network'. (_ssl.c:1007)","time":{"start":1705824163735,"stop":1705824163735,"duration":0}},{"uid":"fc8d5b0156990437","reportUrl":"https://novasamatech.github.io/test-runner/4552//#testresult/fc8d5b0156990437","status":"passed","time":{"start":1705809738237,"stop":1705809738238,"duration":1}},{"uid":"80d6333a9329fbd5","reportUrl":"https://novasamatech.github.io/test-runner/4551//#testresult/80d6333a9329fbd5","status":"passed","time":{"start":1705795406660,"stop":1705795406660,"duration":0}},{"uid":"5c82bf306405297c","reportUrl":"https://novasamatech.github.io/test-runner/4550//#testresult/5c82bf306405297c","status":"passed","time":{"start":1705780943602,"stop":1705780943602,"duration":0}},{"uid":"f92b5fa38d3caf02","reportUrl":"https://novasamatech.github.io/test-runner/4549//#testresult/f92b5fa38d3caf02","status":"passed","time":{"start":1705766545448,"stop":1705766545448,"duration":0}},{"uid":"a0f9b1cceb597e17","reportUrl":"https://novasamatech.github.io/test-runner/4548//#testresult/a0f9b1cceb597e17","status":"passed","time":{"start":1705752140766,"stop":1705752140766,"duration":0}},{"uid":"bba0ab7a65bf39a8","reportUrl":"https://novasamatech.github.io/test-runner/4547//#testresult/bba0ab7a65bf39a8","status":"passed","time":{"start":1705737737293,"stop":1705737737294,"duration":1}},{"uid":"88b230f4451b6ed1","reportUrl":"https://novasamatech.github.io/test-runner/4546//#testresult/88b230f4451b6ed1","status":"passed","time":{"start":1705723368685,"stop":1705723368685,"duration":0}},{"uid":"f89c4f4ab80e0166","reportUrl":"https://novasamatech.github.io/test-runner/4545//#testresult/f89c4f4ab80e0166","status":"passed","time":{"start":1705708990446,"stop":1705708990446,"duration":0}},{"uid":"768b56706181df34","reportUrl":"https://novasamatech.github.io/test-runner/4544//#testresult/768b56706181df34","status":"broken","statusDetails":"ssl.SSLCertVerificationError: [SSL: CERTIFICATE_VERIFY_FAILED] certificate verify failed: Hostname mismatch, certificate is not valid for 'acala-rpc-0.aca-api.network'. (_ssl.c:1007)","time":{"start":1705694567246,"stop":1705694567246,"duration":0}},{"uid":"eccf96a9f51582e1","reportUrl":"https://novasamatech.github.io/test-runner/4543//#testresult/eccf96a9f51582e1","status":"passed","time":{"start":1705680166647,"stop":1705680166647,"duration":0}},{"uid":"6d3f7f437cc93cd6","reportUrl":"https://novasamatech.github.io/test-runner/4542//#testresult/6d3f7f437cc93cd6","status":"passed","time":{"start":1705665757939,"stop":1705665757939,"duration":0}},{"uid":"8ba00e33b7b2adf3","reportUrl":"https://novasamatech.github.io/test-runner/4541//#testresult/8ba00e33b7b2adf3","status":"passed","time":{"start":1705655608964,"stop":1705655608965,"duration":1}},{"uid":"1930c3002f5eb939","reportUrl":"https://novasamatech.github.io/test-runner/4540//#testresult/1930c3002f5eb939","status":"passed","time":{"start":1705651335021,"stop":1705651335021,"duration":0}},{"uid":"a6431218f8b45ead","reportUrl":"https://novasamatech.github.io/test-runner/4539//#testresult/a6431218f8b45ead","status":"passed","time":{"start":1705636935312,"stop":1705636935312,"duration":0}}]},"tags":[]},"source":"feac85a7414ec051.json","parameterValues":["{'url': 'wss://acala-rpc-0.aca-api.network', 'name': 'Acala'}"]}